[09:57:42] [INIT] KubeJS 2001.6.5-build.14; MC 2001 forge
[09:57:42] [INIT] Loaded plugins:
[09:57:42] [INIT] - dev.latvian.mods.kubejs.forge.BuiltinKubeJSForgePlugin
[09:57:42] [INIT] - com.lowdragmc.lowdraglib.kjs.LDLibKubeJSPlugin
[09:57:42] [INIT] - io.github.mortuusars.exposure.integration.kubejs.ExposureJSPlugin
[09:57:42] [INIT] - su.terrafirmagreg.core.compat.kjs.TFGKubeJSPlugin
[09:57:42] [INIT] - dev.ftb.mods.ftbxmodcompat.ftbquests.kubejs.KubeJSIntegration
[09:57:42] [INIT] - dev.ftb.mods.ftbxmodcompat.ftbteams.kubejs.FTBTeamsKubeJSPlugin
[09:57:42] [INIT] - dev.ftb.mods.ftbxmodcompat.ftbfiltersystem.kubejs.FFSKubeJSPlugin
[09:57:42] [INIT] - com.almostreliable.lootjs.kube.LootJSPlugin
[09:57:42] [INIT] - com.blakebr0.cucumber.compat.kubejs.CucumberKubeJSPlugin
[09:57:42] [INIT] - com.gregtechceu.gtceu.integration.kjs.GregTechKubeJSPlugin
[09:57:42] [INIT] - argent_matter.gcyr.integration.kjs.GCyRKubeJSPlugin
[09:57:42] [INIT] - com.notenoughmail.kubejs_tfc.KubeJSTFCPlugin
[09:57:42] [INIT] - com.notenoughmail.kubejs_tfc.addons.firmalife.FirmaLifePlugin
[09:57:42] [INIT] - com.notenoughmail.kubejs_tfc.addons.tfccc.TFCCCPlugin
[09:57:42] [INIT] - dev.latvian.mods.kubejs.create.KubeJSCreatePlugin
[09:57:43] [INFO] Loaded script server_scripts:main_server_script.js in 0.003 s
[09:57:43] [INFO] Loaded script server_scripts:etched/recipes.js in 0.001 s
[09:57:43] [INFO] Loaded script server_scripts:computer_craft/tags.js in 0.003 s
[09:57:43] [INFO] Loaded script server_scripts:computer_craft/data.js in 0.004 s
[09:57:43] [INFO] Loaded script server_scripts:computer_craft/recipes.js in 0.004 s
[09:57:43] [INFO] Loaded script server_scripts:railways/tags.js in 0.001 s
[09:57:43] [INFO] Loaded script server_scripts:railways/recipes.js in 0.01 s
[09:57:43] [INFO] Loaded script server_scripts:tfc/tags.js in 0.014 s
[09:57:43] [INFO] Loaded script server_scripts:tfc/data.js in 0.005 s
[09:57:43] [INFO] Loaded script server_scripts:tfc/recipes.js in 0.045 s
[09:57:43] [INFO] Loaded script server_scripts:ae2/tags.js in 0.001 s
[09:57:43] [INFO] Loaded script server_scripts:ae2/utility.js in 0.0 s
[09:57:43] [INFO] Loaded script server_scripts:ae2/recipes.js in 0.011 s
[09:57:43] [INFO] Loaded script server_scripts:firmaciv/tags.js in 0.001 s
[09:57:43] [INFO] Loaded script server_scripts:firmaciv/recipes.js in 0.001 s
[09:57:43] [INFO] Loaded script server_scripts:mega_cells/tags.js in 0.001 s
[09:57:43] [INFO] Loaded script server_scripts:mega_cells/recipes.js in 0.001 s
[09:57:43] [INFO] Loaded script server_scripts:toolbelt/recipes.js in 0.004 s
[09:57:43] [INFO] Loaded script server_scripts:minecraft/tags.js in 0.0 s
[09:57:43] [INFO] Loaded script server_scripts:minecraft/recipes.js in 0.016 s
[09:57:43] [INFO] Loaded script server_scripts:ae2iec/recipes.js in 0.0 s
[09:57:43] [INFO] Loaded script server_scripts:firmalife/tags.js in 0.0 s
[09:57:43] [INFO] Loaded script server_scripts:firmalife/recipes.js in 0.003 s
[09:57:43] [INFO] Loaded script server_scripts:ae2wtlib/recipes.js in 0.0 s
[09:57:43] [INFO] Loaded script server_scripts:exposure/recipes.js in 0.001 s
[09:57:43] [INFO] Loaded script server_scripts:ae2na/recipes.js in 0.0 s
[09:57:43] [INFO] Loaded script server_scripts:chisel_and_bits/tags.js in 0.0 s
[09:57:43] [INFO] Loaded script server_scripts:chisel_and_bits/recipes.js in 0.0 s
[09:57:43] [INFO] Loaded script server_scripts:asticor_carts/tags.js in 0.0 s
[09:57:43] [INFO] Loaded script server_scripts:asticor_carts/recipes.js in 0.0 s
[09:57:43] [INFO] Loaded script server_scripts:create/tags.js in 0.0 s
[09:57:43] [INFO] Loaded script server_scripts:create/recipes.js in 0.005 s
[09:57:43] [INFO] Loaded script server_scripts:more_red/tags.js in 0.001 s
[09:57:43] [INFO] Loaded script server_scripts:more_red/recipes.js in 0.001 s
[09:57:43] [INFO] Loaded script server_scripts:tfg/terrariums.js in 0.002 s
[09:57:43] [INFO] Loaded script server_scripts:hotornot/tags.js in 0.0 s
[09:57:43] [INFO] Loaded script server_scripts:hotornot/recipes.js in 0.0 s
[09:57:43] [INFO] Loaded script server_scripts:create_additions/tags.js in 0.001 s
[09:57:43] [INFO] Loaded script server_scripts:create_additions/recipes.js in 0.001 s
[09:57:43] [INFO] Loaded script server_scripts:tfcea/recipes.js in 0.0 s
[09:57:43] [INFO] Loaded script server_scripts:tfc_grooming_station/recipes.js in 0.0 s
[09:57:43] [INFO] Loaded script server_scripts:sophisticated_backpacks/tags.js in 0.0 s
[09:57:43] [INFO] Loaded script server_scripts:sophisticated_backpacks/recipes.js in 0.001 s
[09:57:43] [INFO] Loaded script server_scripts:treetap/data.js in 0.001 s
[09:57:43] [INFO] Loaded script server_scripts:treetap/recipes.js in 0.0 s
[09:57:43] [INFO] Loaded script server_scripts:ftb_quests/tags.js in 0.0 s
[09:57:43] [INFO] Loaded script server_scripts:ftb_quests/recipes.js in 0.0 s
[09:57:43] [INFO] Loaded script server_scripts:water_flasks/data.js in 0.0 s
[09:57:43] [INFO] Loaded script server_scripts:water_flasks/recipes.js in 0.001 s
[09:57:43] [INFO] Loaded script server_scripts:extended_ae2/tags.js in 0.0 s
[09:57:43] [INFO] Loaded script server_scripts:extended_ae2/recipes.js in 0.002 s
[09:57:43] [INFO] Loaded script server_scripts:me_requester/recipes.js in 0.0 s
[09:57:43] [INFO] Loaded script server_scripts:handglider/recipes.js in 0.0 s
[09:57:43] [INFO] Loaded script server_scripts:gregtech/tags.js in 0.0 s
[09:57:43] [INFO] Loaded script server_scripts:gregtech/constants.js in 0.0 s
[09:57:43] [INFO] Loaded script server_scripts:gregtech/utility.js in 0.001 s
[09:57:43] [INFO] Loaded script server_scripts:gregtech/data.js in 0.001 s
[09:57:43] [INFO] Loaded script server_scripts:gregtech/recipes.js in 0.009 s
[09:57:43] [INFO] Loaded script server_scripts:gregtech/loot.js in 0.001 s
[09:57:43] [INFO] Loaded script server_scripts:framed_blocks/tags.js in 0.0 s
[09:57:43] [INFO] Loaded script server_scripts:framed_blocks/recipes.js in 0.002 s
[09:57:43] [INFO] Loaded script server_scripts:create_connected/recipes.js in 0.001 s
[09:57:43] [INFO] Loaded 62/62 KubeJS server scripts in 0.249 s with 0 errors and 0 warnings
[09:57:44] [INFO] Scripts loaded
[09:57:44] [INFO] Initializing recipe event...
[09:57:47] [INFO] [minecraft:fluid] Found 609 tags, added 77 objects, removed 0 objects
[09:57:47] [INFO] [minecraft:worldgen/placed_feature] Found 115 tags, added 50 objects, removed 39 objects
[09:57:52] [INFO] [minecraft:block] Found 1664 tags, added 477 objects, removed 0 objects
[09:57:52] [INFO] [minecraft:item] Found 6439 tags, added 3501 objects, removed 1 objects
[09:57:52] [INFO] Processing recipes...
[09:57:54] [INFO] Found 55452 recipes in 1.615 s
[09:57:56] [INFO] tfc_grooming_station/recipes.js#17: copper
[09:57:56] [INFO] tfc_grooming_station/recipes.js#17: bismuth_bronze
[09:57:56] [INFO] tfc_grooming_station/recipes.js#17: bronze
[09:57:56] [INFO] tfc_grooming_station/recipes.js#17: black_bronze
[09:57:56] [INFO] tfc_grooming_station/recipes.js#17: wrought_iron
[09:57:56] [INFO] tfc_grooming_station/recipes.js#17: steel
[09:57:56] [INFO] tfc_grooming_station/recipes.js#17: black_steel
[09:57:56] [INFO] tfc_grooming_station/recipes.js#17: red_steel
[09:57:56] [INFO] tfc_grooming_station/recipes.js#17: blue_steel
[09:57:56] [INFO] Posted recipe events in 1.605 s
[09:57:58] [INFO] Added 9571 recipes, removed 4969 recipes, modified 140 recipes, with 0 failed recipes in 2.605 s
[09:58:02] [INFO] Server resource reload complete!
